<?xml version="1.0" encoding="UTF-8"?>
<!-- Generated by org.testng.reporters.JUnitXMLReporter -->
<testsuite ignored="5" hostname="FreshLaptop" failures="0" tests="1" name="Default test" time="7.768" errors="0" timestamp="2025-12-16T15:13:29 EST">
  <testcase classname="org.web.practice.TrickyLocators" name="trickyLocatorL2" time="6.257"/>
  <testcase classname="org.web.practice.TrickyLocators" name="trickyLocatorL4" time="0.0">
    <ignored/>
  </testcase> <!-- trickyLocatorL4 -->
  <testcase classname="org.web.practice.TrickyLocators" name="trickyLocatorL6" time="0.0">
    <ignored/>
  </testcase> <!-- trickyLocatorL6 -->
  <testcase classname="org.web.practice.TrickyLocators" name="trickyLocatorsL1" time="0.0">
    <ignored/>
  </testcase> <!-- trickyLocatorsL1 -->
  <testcase classname="org.web.practice.TrickyLocators" name="trickLocatorL5" time="0.0">
    <ignored/>
  </testcase> <!-- trickLocatorL5 -->
  <testcase classname="org.web.practice.TrickyLocators" name="trickyLocatorL3" time="0.0">
    <ignored/>
  </testcase> <!-- trickyLocatorL3 -->
</testsuite> <!-- Default test -->
