<?xml version="1.0" encoding="UTF-8"?>
<!-- Generated by org.testng.reporters.JUnitXMLReporter -->
<testsuite ignored="0" hostname="FreshLaptop" failures="1" tests="1" name="Test" time="5.514" errors="0" timestamp="2025-12-12T15:55:31 EST">
  <testcase classname="org.web.practice.SmokeVisualTest" name="smokeTestFlow" time="1.055">
    <failure type="java.lang.AssertionError" message="Page element header check failed after login. expected [Accounts Overview] but found [Financial Overview]">
      <![CDATA[java.lang.AssertionError: Page element header check failed after login. expected [Accounts Overview] but found [Financial Overview]
at org.web.practice.SmokeVisualTest.smokeTestFlow(SmokeVisualTest.java:91)
at java.base/java.util.ArrayList.forEach(ArrayList.java:1511)
... Removed 32 stack frames]]>
    </failure>
  </testcase> <!-- smokeTestFlow -->
</testsuite> <!-- Test -->
