<!DOCTYPE html PUBLIC "-//W3C//DTD XHTML 1.1//EN" "https://www.w3.org/TR/xhtml11/DTD/xhtml11.dtd">
<html xmlns="https://www.w3.org/1999/xhtml">
<head>
<meta http-equiv="content-type" content="text/html; charset=UTF-8"/>
<title>TestNG Report</title>
<style type="text/css">table {margin-bottom:10px;border-collapse:collapse;empty-cells:show}th,td {border:1px solid #009;padding:.25em .5em}th {vertical-align:bottom}td {vertical-align:top}table a {font-weight:bold}.stripe td {background-color: #E6EBF9}.num {text-align:right}.passedodd td {background-color: #3F3}.passedeven td {background-color: #0A0}.skippedodd td {background-color: #DDD}.skippedeven td {background-color: #CCC}.failedodd td,.attn {background-color: #F33}.failedeven td,.stripe .attn {background-color: #D00}.stacktrace {white-space:pre;font-family:monospace}.totop {font-size:85%;text-align:center;border-bottom:2px solid #000}.invisible {display:none}</style>
</head>
<body>
<table>
<tr><th>Test</th><th># Passed</th><th># Skipped</th><th># Retried</th><th># Failed</th><th>Time (ms)</th><th>Included Groups</th><th>Excluded Groups</th></tr>
<tr><th colspan="8">TestingSuite</th></tr>
<tr><td><a href="#t0">CrossBrowserExecution_Chrome</a></td><td class="num">0</td><td class="num">0</td><td class="num">0</td><td class="num attn">1</td><td class="num">5,361</td><td></td><td></td></tr>
<tr class="stripe"><td><a href="#t1">CrossBrowserExecution_Edge</a></td><td class="num">0</td><td class="num">0</td><td class="num">0</td><td class="num attn">1</td><td class="num">6,260</td><td></td><td></td></tr>
<tr><td><a href="#t2">CrossBrowserExecution_Firefox</a></td><td class="num">0</td><td class="num">0</td><td class="num">0</td><td class="num attn">1</td><td class="num">11,797</td><td></td><td></td></tr>
<tr class="stripe"><td><a href="#t3">SingleBrowserExecutionTests</a></td><td class="num">14</td><td class="num">0</td><td class="num">0</td><td class="num attn">1</td><td class="num">63,037</td><td></td><td></td></tr>
<tr><th>Total</th><th class="num">14</th><th class="num">0</th><th class="num">0</th><th class="num attn">4</th><th class="num">86,455</th><th colspan="2"></th></tr>
</table>
<table id='summary'><thead><tr><th>Class</th><th>Method</th><th>Start</th><th>Time (ms)</th></tr></thead><tbody><tr><th colspan="4">TestingSuite</th></tr></tbody><tbody id="t0"><tr><th colspan="4">CrossBrowserExecution_Chrome &#8212; failed</th></tr><tr class="failedeven"><td rowspan="1">org.web.practice.SmokeVisualTest</td><td><a href="#m0">smokeTestFlow</a></td><td rowspan="1">1765919023406</td><td rowspan="1">1581</td></tr></tbody>
<tbody id="t1"><tr><th colspan="4">CrossBrowserExecution_Edge &#8212; failed</th></tr><tr class="failedeven"><td rowspan="1">org.web.practice.SmokeVisualTest</td><td><a href="#m1">smokeTestFlow</a></td><td rowspan="1">1765919023496</td><td rowspan="1">1545</td></tr></tbody>
<tbody id="t2"><tr><th colspan="4">CrossBrowserExecution_Firefox &#8212; failed</th></tr><tr class="failedeven"><td rowspan="1">org.web.practice.SmokeVisualTest</td><td><a href="#m2">smokeTestFlow</a></td><td rowspan="1">1765919028321</td><td rowspan="1">1954</td></tr></tbody>
<tbody id="t3"><tr><th colspan="4">SingleBrowserExecutionTests &#8212; failed</th></tr><tr class="failedeven"><td rowspan="1">org.web.practice.FileUploadDownloadTests</td><td><a href="#m3">testNativeDialogUpload</a></td><td rowspan="1">1765919058484</td><td rowspan="1">6622</td></tr><tr><th colspan="4">SingleBrowserExecutionTests &#8212; passed</th></tr><tr class="passedeven"><td rowspan="3">org.web.practice.ApiTestSuite</td><td><a href="#m4">testIdempotentPostScenario</a></td><td rowspan="1">1765919065829</td><td rowspan="1">0</td></tr><tr class="passedeven"><td><a href="#m5">testNegativeResponse</a></td><td rowspan="1">1765919065830</td><td rowspan="1">1440</td></tr><tr class="passedeven"><td><a href="#m6">testPositiveResponse</a></td><td rowspan="1">1765919067270</td><td rowspan="1">793</td></tr><tr class="passedodd"><td rowspan="2">org.web.practice.FileUploadDownloadTests</td><td><a href="#m7">testFileDownloadVerification</a></td><td rowspan="1">1765919054812</td><td rowspan="1">3671</td></tr><tr class="passedodd"><td><a href="#m8">testStandardFileUpload</a></td><td rowspan="1">1765919065108</td><td rowspan="1">518</td></tr><tr class="passedeven"><td rowspan="1">org.web.practice.LoadingSpinnerDynamicWait</td><td><a href="#m9">loadingSpinner</a></td><td rowspan="1">1765919020509</td><td rowspan="1">6869</td></tr><tr class="passedodd"><td rowspan="2">org.web.practice.RegistrationTests</td><td><a href="#m10">testUserRegistration</a></td><td rowspan="2">1765919070022</td><td rowspan="2">5088</td></tr><tr class="passedodd"><td><a href="#m11">testUserRegistration</a></td></tr><tr class="passedeven"><td rowspan="6">org.web.practice.TrickyLocators</td><td><a href="#m12">trickLocatorL5</a></td><td rowspan="1">1765919028680</td><td rowspan="1">1981</td></tr><tr class="passedeven"><td><a href="#m13">trickyLocatorL2</a></td><td rowspan="1">1765919031963</td><td rowspan="1">7595</td></tr><tr class="passedeven"><td><a href="#m14">trickyLocatorL3</a></td><td rowspan="1">1765919040561</td><td rowspan="1">2513</td></tr><tr class="passedeven"><td><a href="#m15">trickyLocatorL4</a></td><td rowspan="1">1765919044064</td><td rowspan="1">2787</td></tr><tr class="passedeven"><td><a href="#m16">trickyLocatorL6</a></td><td rowspan="1">1765919047967</td><td rowspan="1">2292</td></tr><tr class="passedeven"><td><a href="#m17">trickyLocatorsL1</a></td><td rowspan="1">1765919051323</td><td rowspan="1">2590</td></tr></tbody>
</table>
<h2>CrossBrowserExecution_Chrome</h2><h3 id="m0">org.web.practice.SmokeVisualTest#smokeTestFlow</h3><table class="result"><tr><th>Exception</th></tr><tr><td><div class="stacktrace">java.lang.AssertionError: Page element header check failed after login. expected [Accounts Overview] but found [Financial Overview]
	at org.web.practice.SmokeVisualTest.smokeTestFlow(SmokeVisualTest.java:90)
	at java.base/java.util.ArrayList.forEach(ArrayList.java:1511)
	at java.base/java.util.concurrent.FutureTask.run(FutureTask.java:264)
	at java.base/java.util.concurrent.ThreadPoolExecutor.runWorker(ThreadPoolExecutor.java:1136)
	at java.base/java.util.concurrent.ThreadPoolExecutor$Worker.run(ThreadPoolExecutor.java:635)
	at java.base/java.lang.Thread.run(Thread.java:842)
... Removed 22 stack frames</div></td></tr></table><p class="totop"><a href="#summary">back to summary</a></p>
<h2>CrossBrowserExecution_Edge</h2><h3 id="m1">org.web.practice.SmokeVisualTest#smokeTestFlow</h3><table class="result"><tr><th>Exception</th></tr><tr><td><div class="stacktrace">java.lang.AssertionError: Page element header check failed after login. expected [Accounts Overview] but found [Financial Overview]
	at org.web.practice.SmokeVisualTest.smokeTestFlow(SmokeVisualTest.java:90)
	at java.base/java.util.ArrayList.forEach(ArrayList.java:1511)
	at java.base/java.util.concurrent.FutureTask.run(FutureTask.java:264)
	at java.base/java.util.concurrent.ThreadPoolExecutor.runWorker(ThreadPoolExecutor.java:1136)
	at java.base/java.util.concurrent.ThreadPoolExecutor$Worker.run(ThreadPoolExecutor.java:635)
	at java.base/java.lang.Thread.run(Thread.java:842)
... Removed 22 stack frames</div></td></tr></table><p class="totop"><a href="#summary">back to summary</a></p>
<h2>CrossBrowserExecution_Firefox</h2><h3 id="m2">org.web.practice.SmokeVisualTest#smokeTestFlow</h3><table class="result"><tr><th>Exception</th></tr><tr><td><div class="stacktrace">java.lang.AssertionError: Page element header check failed after login. expected [Accounts Overview] but found [Financial Overview]
	at org.web.practice.SmokeVisualTest.smokeTestFlow(SmokeVisualTest.java:90)
	at java.base/java.util.ArrayList.forEach(ArrayList.java:1511)
	at java.base/java.util.concurrent.FutureTask.run(FutureTask.java:264)
	at java.base/java.util.concurrent.ThreadPoolExecutor.runWorker(ThreadPoolExecutor.java:1136)
	at java.base/java.util.concurrent.ThreadPoolExecutor$Worker.run(ThreadPoolExecutor.java:635)
	at java.base/java.lang.Thread.run(Thread.java:842)
... Removed 22 stack frames</div></td></tr></table><p class="totop"><a href="#summary">back to summary</a></p>
<h2>SingleBrowserExecutionTests</h2><h3 id="m3">org.web.practice.FileUploadDownloadTests#testNativeDialogUpload</h3><table class="result"><tr><th>Exception</th></tr><tr><td><div class="stacktrace">org.openqa.selenium.ElementClickInterceptedException: element click intercepted: Element &lt;input type=&quot;submit&quot; data-qa=&quot;submit-button&quot; name=&quot;submit&quot; class=&quot;btn btn-primary pull-left submit_form&quot; value=&quot;Submit&quot;&gt; is not clickable at point (89, 590). Other element would receive the click: &lt;iframe id=&quot;aswift_3&quot; name=&quot;aswift_3&quot; style=&quot;min-height: auto; max-height: none; min-width: auto; max-width: none; width: 1005px !important; height: 124px !important; display: block; margin: 0px auto;&quot; sandbox=&quot;allow-forms allow-popups allow-popups-to-escape-sandbox allow-same-origin allow-scripts allow-top-navigation-by-user-activation&quot; width=&quot;1005&quot; height=&quot;124&quot; frameborder=&quot;0&quot; marginwidth=&quot;0&quot; marginheight=&quot;0&quot; vspace=&quot;0&quot; hspace=&quot;0&quot; allowtransparency=&quot;true&quot; scrolling=&quot;no&quot; allow=&quot;attribution-reporting; run-ad-auction&quot; src=&quot;https://googleads.g.doubleclick.net/pagead/html/r20251211/r20190131/zrt_lookup_fy2021.html#RS-0-&amp;amp;adk=1812271801&amp;amp;client=ca-pub-1677597403311019&amp;amp;fa=1&amp;amp;ifi=4&amp;amp;uci=a!4&amp;amp;btvi=3&quot; data-google-container-id=&quot;a!4&quot; tabindex=&quot;0&quot; title=&quot;Advertisement&quot; aria-label=&quot;Advertisement&quot; data-google-query-id=&quot;CLuR4JGBw5EDFQe-jggdadIAfA&quot; data-load-complete=&quot;true&quot;&gt;&lt;/iframe&gt;
  (Session info: chrome=143.0.7499.110)
Build info: version: &apos;4.38.0&apos;, revision: &apos;6b412e825c*&apos;
System info: os.name: &apos;Windows 11&apos;, os.arch: &apos;amd64&apos;, os.version: &apos;10.0&apos;, java.version: &apos;17.0.12&apos;
Driver info: org.openqa.selenium.chrome.ChromeDriver
Command: [877a81a4c4db9ad4c254ba7af0912232, clickElement {id=f.4A23DE9C2FD8D66339C4377547D9FB1B.d.266B108ED8F84F941A0DEBC5BFBA642C.e.41}]
Capabilities {acceptInsecureCerts: false, browserName: chrome, browserVersion: 143.0.7499.110, chrome: {chromedriverVersion: 143.0.7499.42 (24bdc8c48a0c..., userDataDir: C:\Users\nfres\AppData\Loca...}, fedcm:accounts: true, goog:chromeOptions: {debuggerAddress: localhost:53065}, goog:processID: 6776, networkConnectionEnabled: false, pageLoadStrategy: normal, platformName: windows, proxy: Proxy(), se:cdp: ws://localhost:53065/devtoo..., se:cdpVersion: 143.0.7499.110, setWindowRect: true, strictFileInteractability: false, timeouts: {implicit: 0, pageLoad: 300000, script: 30000}, unhandledPromptBehavior: dismiss and notify, webauthn:extension:credBlob: true, webauthn:extension:largeBlob: true, webauthn:extension:minPinLength: true, webauthn:extension:prf: true, webauthn:virtualAuthenticators: true}
Element: [[ChromeDriver: chrome on windows (877a81a4c4db9ad4c254ba7af0912232)] -&gt; xpath: //input[@type=&apos;submit&apos;]]
Session ID: 877a81a4c4db9ad4c254ba7af0912232
	at org.openqa.selenium.remote.ErrorCodec.decode(ErrorCodec.java:167)
	at org.openqa.selenium.remote.codec.w3c.W3CHttpResponseCodec.decode(W3CHttpResponseCodec.java:138)
	at org.openqa.selenium.remote.codec.w3c.W3CHttpResponseCodec.decode(W3CHttpResponseCodec.java:50)
	at org.openqa.selenium.remote.HttpCommandExecutor.execute(HttpCommandExecutor.java:215)
	at org.openqa.selenium.remote.service.DriverCommandExecutor.invokeExecute(DriverCommandExecutor.java:216)
	at org.openqa.selenium.remote.service.DriverCommandExecutor.execute(DriverCommandExecutor.java:174)
	at org.openqa.selenium.remote.RemoteWebDriver.execute(RemoteWebDriver.java:557)
	at org.openqa.selenium.remote.RemoteWebElement.execute(RemoteWebElement.java:223)
	at org.openqa.selenium.remote.RemoteWebElement.click(RemoteWebElement.java:76)
	at org.web.practice.FileUploadDownloadTests.testNativeDialogUpload(FileUploadDownloadTests.java:141)
	at java.base/java.util.ArrayList.forEach(ArrayList.java:1511)
	at java.base/java.util.concurrent.FutureTask.run(FutureTask.java:264)
	at java.base/java.util.concurrent.ThreadPoolExecutor.runWorker(ThreadPoolExecutor.java:1136)
	at java.base/java.util.concurrent.ThreadPoolExecutor$Worker.run(ThreadPoolExecutor.java:635)
	at java.base/java.lang.Thread.run(Thread.java:842)
... Removed 22 stack frames</div></td></tr></table><p class="totop"><a href="#summary">back to summary</a></p>
<h3 id="m4">org.web.practice.ApiTestSuite#testIdempotentPostScenario</h3><table class="result"><tr><th class="invisible"/></tr></table><p class="totop"><a href="#summary">back to summary</a></p>
<h3 id="m5">org.web.practice.ApiTestSuite#testNegativeResponse</h3><table class="result"><tr><th class="invisible"/></tr></table><p class="totop"><a href="#summary">back to summary</a></p>
<h3 id="m6">org.web.practice.ApiTestSuite#testPositiveResponse</h3><table class="result"><tr><th class="invisible"/></tr></table><p class="totop"><a href="#summary">back to summary</a></p>
<h3 id="m7">org.web.practice.FileUploadDownloadTests#testFileDownloadVerification</h3><table class="result"><tr><th class="invisible"/></tr></table><p class="totop"><a href="#summary">back to summary</a></p>
<h3 id="m8">org.web.practice.FileUploadDownloadTests#testStandardFileUpload</h3><table class="result"><tr><th class="invisible"/></tr></table><p class="totop"><a href="#summary">back to summary</a></p>
<h3 id="m9">org.web.practice.LoadingSpinnerDynamicWait#loadingSpinner</h3><table class="result"><tr><th class="invisible"/></tr></table><p class="totop"><a href="#summary">back to summary</a></p>
<h3 id="m10">org.web.practice.RegistrationTests#testUserRegistration</h3><table class="result"><tr class="param"><th>Parameter #1</th></tr><tr class="param stripe"><td>{scenarioName=Standard User Registration, firstName=John, lastName=Doe, password=Password123!, address1=1234 Wall St., country=United States, state=NY, city=New York, zipcode=45456, mobileNumber=1234567890, role=USER}</td></tr></table><p class="totop"><a href="#summary">back to summary</a></p>
<h3 id="m11">org.web.practice.RegistrationTests#testUserRegistration</h3><table class="result"><tr class="param"><th>Parameter #1</th></tr><tr class="param stripe"><td>{scenarioName=Admin Registration, firstName=Jane, lastName=Smith, password=AdminPass123!, address1=6789 Broadway Ln., country=India, state=Odisha, city=Khordha, zipcode=67676, mobileNumber=1098765432, role=ADMIN}</td></tr></table><p class="totop"><a href="#summary">back to summary</a></p>
<h3 id="m12">org.web.practice.TrickyLocators#trickLocatorL5</h3><table class="result"><tr><th class="invisible"/></tr></table><p class="totop"><a href="#summary">back to summary</a></p>
<h3 id="m13">org.web.practice.TrickyLocators#trickyLocatorL2</h3><table class="result"><tr><th class="invisible"/></tr></table><p class="totop"><a href="#summary">back to summary</a></p>
<h3 id="m14">org.web.practice.TrickyLocators#trickyLocatorL3</h3><table class="result"><tr><th class="invisible"/></tr></table><p class="totop"><a href="#summary">back to summary</a></p>
<h3 id="m15">org.web.practice.TrickyLocators#trickyLocatorL4</h3><table class="result"><tr><th class="invisible"/></tr></table><p class="totop"><a href="#summary">back to summary</a></p>
<h3 id="m16">org.web.practice.TrickyLocators#trickyLocatorL6</h3><table class="result"><tr><th class="invisible"/></tr></table><p class="totop"><a href="#summary">back to summary</a></p>
<h3 id="m17">org.web.practice.TrickyLocators#trickyLocatorsL1</h3><table class="result"><tr><th class="invisible"/></tr></table><p class="totop"><a href="#summary">back to summary</a></p>
</body>
</html>
