<?xml version="1.0" encoding="UTF-8"?>
<testsuite xmlns:xsi="http://www.w3.org/2001/XMLSchema-instance" xsi:noNamespaceSchemaLocation="https://maven.apache.org/surefire/maven-surefire-plugin/xsd/surefire-test-report-3.0.xsd" version="3.0" name="TestSuite" time="64.159" tests="18" errors="0" skipped="0" failures="4">
  <properties>
[...]
</properties>
  <testcase name="smokeTestFlow" classname="org.web.practice.SmokeVisualTest" time="1.502">
    <failure message="Page element header check failed after login. expected [Accounts Overview] but found [Financial Overview]" type="java.lang.AssertionError"><![CDATA[java.lang.AssertionError: Page element header check failed after login. expected [Accounts Overview] but found [Financial Overview]
	at org.testng.Assert.fail(Assert.java:111)
	at org.testng.Assert.failNotEquals(Assert.java:1590)
	at org.testng.Assert.assertEqualsImpl(Assert.java:150)
	at org.testng.Assert.assertEquals(Assert.java:132)
	at org.testng.Assert.assertEquals(Assert.java:656)
	at org.web.practice.SmokeVisualTest.smokeTestFlow(SmokeVisualTest.java:90)
	at java.base/jdk.internal.reflect.NativeMethodAccessorImpl.invoke0(Native Method)
	at java.base/jdk.internal.reflect.NativeMethodAccessorImpl.invoke(NativeMethodAccessorImpl.java:77)
	at java.base/jdk.internal.reflect.DelegatingMethodAccessorImpl.invoke(DelegatingMethodAccessorImpl.java:43)
	at java.base/java.lang.reflect.Method.invoke(Method.java:568)
	at org.testng.internal.invokers.MethodInvocationHelper.invokeMethod(MethodInvocationHelper.java:141)
	at org.testng.internal.invokers.TestInvoker.invokeMethod(TestInvoker.java:687)
	at org.testng.internal.invokers.TestInvoker.invokeTestMethod(TestInvoker.java:230)
	at org.testng.internal.invokers.MethodRunner.runInSequence(MethodRunner.java:63)
	at org.testng.internal.invokers.TestInvoker$MethodInvocationAgent.invoke(TestInvoker.java:995)
	at org.testng.internal.invokers.TestInvoker.invokeTestMethods(TestInvoker.java:203)
	at org.testng.internal.invokers.TestMethodWorker.invokeTestMethods(TestMethodWorker.java:154)
	at org.testng.internal.invokers.TestMethodWorker.run(TestMethodWorker.java:134)
	at java.base/java.util.ArrayList.forEach(ArrayList.java:1511)
	at org.testng.TestRunner.privateRun(TestRunner.java:741)
	at org.testng.TestRunner.run(TestRunner.java:616)
	at org.testng.SuiteRunner.runTest(SuiteRunner.java:421)
	at org.testng.SuiteRunner$SuiteWorker.run(SuiteRunner.java:463)
	at org.testng.internal.thread.ThreadUtil.lambda$execute$0(ThreadUtil.java:64)
	at java.base/java.util.concurrent.FutureTask.run(FutureTask.java:264)
	at java.base/java.util.concurrent.ThreadPoolExecutor.runWorker(ThreadPoolExecutor.java:1136)
	at java.base/java.util.concurrent.ThreadPoolExecutor$Worker.run(ThreadPoolExecutor.java:635)
	at java.base/java.lang.Thread.run(Thread.java:842)
]]></failure>
    <system-out><![CDATA[--- Auth Token Flow: Obtain ---
Mock Initial Auth Token obtained: mock_initial_jwt_2ff12ebd
Starting test on: chrome

*** Dynamic Wait: Test start! ***
Starting test on: firefox
Starting test on: edge

--- Initial State Check ---
PASS: The loader spinner is visible.
PASS: The textbox is hidden.

--- Waiting for 3 second delay using FluentWait ---
]]></system-out>
    <system-err><![CDATA[SLF4J(W): No SLF4J providers were found.
SLF4J(W): Defaulting to no-operation (NOP) logger implementation
SLF4J(W): See https://www.slf4j.org/codes.html#noProviders for further details.
Dec 16, 2025 4:03:43 PM org.openqa.selenium.devtools.CdpVersionFinder findNearestMatch
WARNING: Unable to find an exact match for CDP version 143, returning the closest version; found: 142; Please update to a Selenium version that supports CDP version 143
Dec 16, 2025 4:03:43 PM org.openqa.selenium.devtools.CdpVersionFinder findNearestMatch
WARNING: Unable to find an exact match for CDP version 143, returning the closest version; found: 142; Please update to a Selenium version that supports CDP version 143
Dec 16, 2025 4:03:43 PM org.openqa.selenium.devtools.CdpVersionFinder findNearestMatch
WARNING: Unable to find an exact match for CDP version 143, returning the closest version; found: 142; Please update to a Selenium version that supports CDP version 143
]]></system-err>
  </testcase>
  <testcase name="smokeTestFlow" classname="org.web.practice.SmokeVisualTest" time="1.546">
    <failure message="Page element header check failed after login. expected [Accounts Overview] but found [Financial Overview]" type="java.lang.AssertionError"><![CDATA[java.lang.AssertionError: Page element header check failed after login. expected [Accounts Overview] but found [Financial Overview]
	at org.testng.Assert.fail(Assert.java:111)
	at org.testng.Assert.failNotEquals(Assert.java:1590)
	at org.testng.Assert.assertEqualsImpl(Assert.java:150)
	at org.testng.Assert.assertEquals(Assert.java:132)
	at org.testng.Assert.assertEquals(Assert.java:656)
	at org.web.practice.SmokeVisualTest.smokeTestFlow(SmokeVisualTest.java:90)
	at java.base/jdk.internal.reflect.NativeMethodAccessorImpl.invoke0(Native Method)
	at java.base/jdk.internal.reflect.NativeMethodAccessorImpl.invoke(NativeMethodAccessorImpl.java:77)
	at java.base/jdk.internal.reflect.DelegatingMethodAccessorImpl.invoke(DelegatingMethodAccessorImpl.java:43)
	at java.base/java.lang.reflect.Method.invoke(Method.java:568)
	at org.testng.internal.invokers.MethodInvocationHelper.invokeMethod(MethodInvocationHelper.java:141)
	at org.testng.internal.invokers.TestInvoker.invokeMethod(TestInvoker.java:687)
	at org.testng.internal.invokers.TestInvoker.invokeTestMethod(TestInvoker.java:230)
	at org.testng.internal.invokers.MethodRunner.runInSequence(MethodRunner.java:63)
	at org.testng.internal.invokers.TestInvoker$MethodInvocationAgent.invoke(TestInvoker.java:995)
	at org.testng.internal.invokers.TestInvoker.invokeTestMethods(TestInvoker.java:203)
	at org.testng.internal.invokers.TestMethodWorker.invokeTestMethods(TestMethodWorker.java:154)
	at org.testng.internal.invokers.TestMethodWorker.run(TestMethodWorker.java:134)
	at java.base/java.util.ArrayList.forEach(ArrayList.java:1511)
	at org.testng.TestRunner.privateRun(TestRunner.java:741)
	at org.testng.TestRunner.run(TestRunner.java:616)
	at org.testng.SuiteRunner.runTest(SuiteRunner.java:421)
	at org.testng.SuiteRunner$SuiteWorker.run(SuiteRunner.java:463)
	at org.testng.internal.thread.ThreadUtil.lambda$execute$0(ThreadUtil.java:64)
	at java.base/java.util.concurrent.FutureTask.run(FutureTask.java:264)
	at java.base/java.util.concurrent.ThreadPoolExecutor.runWorker(ThreadPoolExecutor.java:1136)
	at java.base/java.util.concurrent.ThreadPoolExecutor$Worker.run(ThreadPoolExecutor.java:635)
	at java.base/java.lang.Thread.run(Thread.java:842)
]]></failure>
    <system-out><![CDATA[Test failed. Capturing failure screenshot...
]]></system-out>
  </testcase>
  <testcase name="smokeTestFlow" classname="org.web.practice.SmokeVisualTest" time="1.595">
    <failure message="Page element header check failed after login. expected [Accounts Overview] but found [Financial Overview]" type="java.lang.AssertionError"><![CDATA[java.lang.AssertionError: Page element header check failed after login. expected [Accounts Overview] but found [Financial Overview]
	at org.testng.Assert.fail(Assert.java:111)
	at org.testng.Assert.failNotEquals(Assert.java:1590)
	at org.testng.Assert.assertEqualsImpl(Assert.java:150)
	at org.testng.Assert.assertEquals(Assert.java:132)
	at org.testng.Assert.assertEquals(Assert.java:656)
	at org.web.practice.SmokeVisualTest.smokeTestFlow(SmokeVisualTest.java:90)
	at java.base/jdk.internal.reflect.NativeMethodAccessorImpl.invoke0(Native Method)
	at java.base/jdk.internal.reflect.NativeMethodAccessorImpl.invoke(NativeMethodAccessorImpl.java:77)
	at java.base/jdk.internal.reflect.DelegatingMethodAccessorImpl.invoke(DelegatingMethodAccessorImpl.java:43)
	at java.base/java.lang.reflect.Method.invoke(Method.java:568)
	at org.testng.internal.invokers.MethodInvocationHelper.invokeMethod(MethodInvocationHelper.java:141)
	at org.testng.internal.invokers.TestInvoker.invokeMethod(TestInvoker.java:687)
	at org.testng.internal.invokers.TestInvoker.invokeTestMethod(TestInvoker.java:230)
	at org.testng.internal.invokers.MethodRunner.runInSequence(MethodRunner.java:63)
	at org.testng.internal.invokers.TestInvoker$MethodInvocationAgent.invoke(TestInvoker.java:995)
	at org.testng.internal.invokers.TestInvoker.invokeTestMethods(TestInvoker.java:203)
	at org.testng.internal.invokers.TestMethodWorker.invokeTestMethods(TestMethodWorker.java:154)
	at org.testng.internal.invokers.TestMethodWorker.run(TestMethodWorker.java:134)
	at java.base/java.util.ArrayList.forEach(ArrayList.java:1511)
	at org.testng.TestRunner.privateRun(TestRunner.java:741)
	at org.testng.TestRunner.run(TestRunner.java:616)
	at org.testng.SuiteRunner.runTest(SuiteRunner.java:421)
	at org.testng.SuiteRunner$SuiteWorker.run(SuiteRunner.java:463)
	at org.testng.internal.thread.ThreadUtil.lambda$execute$0(ThreadUtil.java:64)
	at java.base/java.util.concurrent.FutureTask.run(FutureTask.java:264)
	at java.base/java.util.concurrent.ThreadPoolExecutor.runWorker(ThreadPoolExecutor.java:1136)
	at java.base/java.util.concurrent.ThreadPoolExecutor$Worker.run(ThreadPoolExecutor.java:635)
	at java.base/java.lang.Thread.run(Thread.java:842)
]]></failure>
    <system-out><![CDATA[
*** Tricky Locator 5 ***
]]></system-out>
    <system-err><![CDATA[Dec 16, 2025 4:03:48 PM org.openqa.selenium.devtools.CdpVersionFinder findNearestMatch
WARNING: Unable to find an exact match for CDP version 143, returning the closest version; found: 142; Please update to a Selenium version that supports CDP version 143
]]></system-err>
  </testcase>
  <testcase name="loadingSpinner" classname="org.web.practice.LoadingSpinnerDynamicWait" time="3.879">
    <system-out><![CDATA[Test failed. Capturing failure screenshot...
Screenshot captured successfully: C:\Users\nfres\QA Workspace\MyMavenProject\target\screenshots\smokeTestFlow_chrome_20251216_160345.png
Screenshot captured successfully: C:\Users\nfres\QA Workspace\MyMavenProject\target\screenshots\smokeTestFlow_edge_20251216_160345.png
PASS: The content in #myDiv became visible after the delay.
PASS: The loading spinner is hidden.
PASS: The textbox is displayed.
PASS: <h2> tag contains 'Tada!' as expected.
PASS: <p> tag contains 'Some text in my newly loaded page..' as expected.

*** Dynamic Wait: Test completed successfully! ***
]]></system-out>
  </testcase>
  <testcase name="trickLocatorL5" classname="org.web.practice.TrickyLocators" time="2.025">
    <system-out><![CDATA[Test failed. Capturing failure screenshot...
Screenshot captured successfully: C:\Users\nfres\QA Workspace\MyMavenProject\target\screenshots\smokeTestFlow_firefox_20251216_160350.png

Found element: a
Element link: https://automationexercise.com/brand_products/Polo
]]></system-out>
  </testcase>
  <testcase name="trickyLocatorL2" classname="org.web.practice.TrickyLocators" time="7.592">
    <system-out><![CDATA[
--- Closing Browser ---

*** Tricky Locator 2 ***

*** Product Info ***
Description: Blue Top
Women > Tops
Price: Rs. 500
Quantity: 1
Total: Rs. 500
*** Products(s) removed from cart. ***

*** Product Info ***
Description: Fancy Green Top
Women > Tops
Price: Rs. 700
Quantity: 1
Total: Rs. 700
*** Products(s) removed from cart. ***

*** Product Info ***
Description: Green Side Placket Detail T-Shirt
Men > Tshirts
Price: Rs. 1000
Quantity: 1
Total: Rs. 1000
*** Products(s) removed from cart. ***

*** Product Info ***
Description: Premium Polo T-Shirts
Men > Tshirts
Price: Rs. 1500
Quantity: 1
Total: Rs. 1500
*** Products(s) removed from cart. ***

*** Product Info ***
Description: Soft Stretch Jeans
Men > Jeans
Price: Rs. 799
Quantity: 1
Total: Rs. 799
*** Products(s) removed from cart. ***

*** Product Info ***
Description: Grunt Blue Slim Fit Jeans
Men > Jeans
Price: Rs. 1400
Quantity: 1
Total: Rs. 1400
*** Products(s) removed from cart. ***
]]></system-out>
    <system-err><![CDATA[Dec 16, 2025 4:03:51 PM org.openqa.selenium.devtools.CdpVersionFinder findNearestMatch
WARNING: Unable to find an exact match for CDP version 143, returning the closest version; found: 142; Please update to a Selenium version that supports CDP version 143
]]></system-err>
  </testcase>
  <testcase name="trickyLocatorL3" classname="org.web.practice.TrickyLocators" time="2.513">
    <system-out><![CDATA[
--- Closing Browser ---

*** Tricky Locator 3 ***

--- Navigating to amazon.com ---

Button that sometimes gets in the way.
Found element: button
Element text: Continue shopping

Found element: a
Element aria-label: main content
Element href: https://www.amazon.com/#skippedLink
Current URL: https://www.amazon.com/
New URL is: https://www.amazon.com/#skippedLink
SUCCESS: New URL contains expected part ('#skippedLink').
]]></system-out>
    <system-err><![CDATA[Dec 16, 2025 4:04:00 PM org.openqa.selenium.devtools.CdpVersionFinder findNearestMatch
WARNING: Unable to find an exact match for CDP version 143, returning the closest version; found: 142; Please update to a Selenium version that supports CDP version 143
]]></system-err>
  </testcase>
  <testcase name="trickyLocatorL4" classname="org.web.practice.TrickyLocators" time="2.799">
    <system-out><![CDATA[
--- Closing Browser ---

*** Tricky Locator 4 ***

--- Navigating to amazon.com ---

Button that sometimes gets in the way.
Found element: button
Element text: Continue shopping

Found element: div
Element id: desktop-grid-1
Element classes: gw-col celwidget csm-placement-id-f5ee43ec-79da-41ed-95e0-f5a69d139205 desktop-gateway-atf_76a8f7f8-34d1-4494-89e7-af5b9b04b24d pd_rd_wg-fW32I pd_rd_w-HAFEZ pd_rd_r-a15ef859-f930-4adf-a891-a0a17d78112f
Element data order: 1
]]></system-out>
    <system-err><![CDATA[Dec 16, 2025 4:04:04 PM org.openqa.selenium.devtools.CdpVersionFinder findNearestMatch
WARNING: Unable to find an exact match for CDP version 143, returning the closest version; found: 142; Please update to a Selenium version that supports CDP version 143
]]></system-err>
  </testcase>
  <testcase name="trickyLocatorL6" classname="org.web.practice.TrickyLocators" time="2.293">
    <system-out><![CDATA[
--- Closing Browser ---

*** Tricky Locator 6 ***

--- Navigating to amazon.com ---

Button that sometimes gets in the way.
Found element: button
Element text: Continue shopping

Shadow Host element id: nav-search-submit-text

L6 Locator: Failed during Shadow DOM operation. (This is expected since the target element is Light DOM). Error: no such shadow root: shadow root not found
  (Session info: MicrosoftEdge=143.0.3650.80)
Build info: version: '4.38.0', revision: '6b412e825c*'
System info: os.name: 'Windows 11', os.arch: 'amd64', os.version: '10.0', java.version: '17.0.12'
Driver info: org.openqa.selenium.edge.EdgeDriver
Command: [a2517dfc85b46c9de60bf2a432f5aa00, getElementShadowRoot {id=f.27A95BD8B9E261CFA4260CE10943414E.d.E0F34D521D121D58CC83BF81F9A5CBE5.e.7}]
Capabilities {acceptInsecureCerts: false, browserName: MicrosoftEdge, browserVersion: 143.0.3650.80, fedcm:accounts: true, goog:processID: 18332, ms:edgeOptions: {debuggerAddress: localhost:55945}, msedge: {msedgedriverVersion: 143.0.3650.80 (788579717f68..., userDataDir: C:\Users\nfres\AppData\Loca...}, networkConnectionEnabled: false, pageLoadStrategy: normal, platformName: windows, proxy: Proxy(), se:cdp: ws://localhost:55945/devtoo..., se:cdpVersion: 143.0.3650.80, setWindowRect: true, strictFileInteractability: false, timeouts: {implicit: 0, pageLoad: 300000, script: 30000}, unhandledPromptBehavior: dismiss and notify, webauthn:extension:credBlob: true, webauthn:extension:largeBlob: true, webauthn:extension:minPinLength: true, webauthn:extension:prf: true, webauthn:virtualAuthenticators: true}
Element: [[EdgeDriver: MicrosoftEdge on windows (a2517dfc85b46c9de60bf2a432f5aa00)] -> id: nav-search-submit-text]
Session ID: a2517dfc85b46c9de60bf2a432f5aa00
]]></system-out>
    <system-err><![CDATA[Dec 16, 2025 4:04:07 PM org.openqa.selenium.devtools.CdpVersionFinder findNearestMatch
WARNING: Unable to find an exact match for CDP version 143, returning the closest version; found: 142; Please update to a Selenium version that supports CDP version 143
]]></system-err>
  </testcase>
  <testcase name="trickyLocatorsL1" classname="org.web.practice.TrickyLocators" time="2.59">
    <system-out><![CDATA[
--- Closing Browser ---

*** Tricky Locator 1 ***

--- Navigating to amazon.com ---

Button that sometimes gets in the way.
Found element: button
Element text: Continue shopping

Found element: input
Element placeholder: Search Amazon
Element value: This is a Selenium Automation Test
]]></system-out>
    <system-err><![CDATA[Dec 16, 2025 4:04:11 PM org.openqa.selenium.devtools.CdpVersionFinder findNearestMatch
WARNING: Unable to find an exact match for CDP version 143, returning the closest version; found: 142; Please update to a Selenium version that supports CDP version 143
]]></system-err>
  </testcase>
  <testcase name="testFileDownloadVerification" classname="org.web.practice.FileUploadDownloadTests" time="3.669">
    <system-out><![CDATA[
--- Closing Browser ---
Downloaded file size: 53 bytes
SHA-256 Hash: 1aa60f525b762f963cb282a142e77910b94475a6536b12c78512e0fd121c37ac
]]></system-out>
    <system-err><![CDATA[Dec 16, 2025 4:04:14 PM org.openqa.selenium.devtools.CdpVersionFinder findNearestMatch
WARNING: Unable to find an exact match for CDP version 143, returning the closest version; found: 142; Please update to a Selenium version that supports CDP version 143
]]></system-err>
  </testcase>
  <testcase name="testNativeDialogUpload" classname="org.web.practice.FileUploadDownloadTests" time="6.623">
    <failure message="element click intercepted: Element &lt;input type=&quot;submit&quot; data-qa=&quot;submit-button&quot; name=&quot;submit&quot; class=&quot;btn btn-primary pull-left submit_form&quot; value=&quot;Submit&quot;&gt; is not clickable at point (89, 590). Other element would receive the click: &lt;iframe id=&quot;aswift_3&quot; name=&quot;aswift_3&quot; style=&quot;min-height: auto; max-height: none; min-width: auto; max-width: none; width: 1005px !important; height: 124px !important; display: block; margin: 0px auto;&quot; sandbox=&quot;allow-forms allow-popups allow-popups-to-escape-sandbox allow-same-origin allow-scripts allow-top-navigation-by-user-activation&quot; width=&quot;1005&quot; height=&quot;124&quot; frameborder=&quot;0&quot; marginwidth=&quot;0&quot; marginheight=&quot;0&quot; vspace=&quot;0&quot; hspace=&quot;0&quot; allowtransparency=&quot;true&quot; scrolling=&quot;no&quot; allow=&quot;attribution-reporting; run-ad-auction&quot; src=&quot;https://googleads.g.doubleclick.net/pagead/html/r20251211/r20190131/zrt_lookup_fy2021.html#RS-0-&amp;amp;adk=1812271801&amp;amp;client=ca-pub-1677597403311019&amp;amp;fa=1&amp;amp;ifi=4&amp;amp;uci=a!4&amp;amp;btvi=3&quot; data-google-container-id=&quot;a!4&quot; tabindex=&quot;0&quot; title=&quot;Advertisement&quot; aria-label=&quot;Advertisement&quot; data-google-query-id=&quot;CLuR4JGBw5EDFQe-jggdadIAfA&quot; data-load-complete=&quot;true&quot;&gt;&lt;/iframe&gt;&#10;  (Session info: chrome=143.0.7499.110)&#10;Build info: version: &apos;4.38.0&apos;, revision: &apos;6b412e825c*&apos;&#10;System info: os.name: &apos;Windows 11&apos;, os.arch: &apos;amd64&apos;, os.version: &apos;10.0&apos;, java.version: &apos;17.0.12&apos;&#10;Driver info: org.openqa.selenium.chrome.ChromeDriver&#10;Command: [877a81a4c4db9ad4c254ba7af0912232, clickElement {id=f.4A23DE9C2FD8D66339C4377547D9FB1B.d.266B108ED8F84F941A0DEBC5BFBA642C.e.41}]&#10;Capabilities {acceptInsecureCerts: false, browserName: chrome, browserVersion: 143.0.7499.110, chrome: {chromedriverVersion: 143.0.7499.42 (24bdc8c48a0c..., userDataDir: C:\Users\nfres\AppData\Loca...}, fedcm:accounts: true, goog:chromeOptions: {debuggerAddress: localhost:53065}, goog:processID: 6776, networkConnectionEnabled: false, pageLoadStrategy: normal, platformName: windows, proxy: Proxy(), se:cdp: ws://localhost:53065/devtoo..., se:cdpVersion: 143.0.7499.110, setWindowRect: true, strictFileInteractability: false, timeouts: {implicit: 0, pageLoad: 300000, script: 30000}, unhandledPromptBehavior: dismiss and notify, webauthn:extension:credBlob: true, webauthn:extension:largeBlob: true, webauthn:extension:minPinLength: true, webauthn:extension:prf: true, webauthn:virtualAuthenticators: true}&#10;Element: [[ChromeDriver: chrome on windows (877a81a4c4db9ad4c254ba7af0912232)] -&gt; xpath: //input[@type=&apos;submit&apos;]]&#10;Session ID: 877a81a4c4db9ad4c254ba7af0912232" type="org.openqa.selenium.ElementClickInterceptedException"><![CDATA[org.openqa.selenium.ElementClickInterceptedException: 
element click intercepted: Element <input type="submit" data-qa="submit-button" name="submit" class="btn btn-primary pull-left submit_form" value="Submit"> is not clickable at point (89, 590). Other element would receive the click: <iframe id="aswift_3" name="aswift_3" style="min-height: auto; max-height: none; min-width: auto; max-width: none; width: 1005px !important; height: 124px !important; display: block; margin: 0px auto;" sandbox="allow-forms allow-popups allow-popups-to-escape-sandbox allow-same-origin allow-scripts allow-top-navigation-by-user-activation" width="1005" height="124" frameborder="0" marginwidth="0" marginheight="0" vspace="0" hspace="0" allowtransparency="true" scrolling="no" allow="attribution-reporting; run-ad-auction" src="https://googleads.g.doubleclick.net/pagead/html/r20251211/r20190131/zrt_lookup_fy2021.html#RS-0-&amp;adk=1812271801&amp;client=ca-pub-1677597403311019&amp;fa=1&amp;ifi=4&amp;uci=a!4&amp;btvi=3" data-google-container-id="a!4" tabindex="0" title="Advertisement" aria-label="Advertisement" data-google-query-id="CLuR4JGBw5EDFQe-jggdadIAfA" data-load-complete="true"></iframe>
  (Session info: chrome=143.0.7499.110)
Build info: version: '4.38.0', revision: '6b412e825c*'
System info: os.name: 'Windows 11', os.arch: 'amd64', os.version: '10.0', java.version: '17.0.12'
Driver info: org.openqa.selenium.chrome.ChromeDriver
Command: [877a81a4c4db9ad4c254ba7af0912232, clickElement {id=f.4A23DE9C2FD8D66339C4377547D9FB1B.d.266B108ED8F84F941A0DEBC5BFBA642C.e.41}]
Capabilities {acceptInsecureCerts: false, browserName: chrome, browserVersion: 143.0.7499.110, chrome: {chromedriverVersion: 143.0.7499.42 (24bdc8c48a0c..., userDataDir: C:\Users\nfres\AppData\Loca...}, fedcm:accounts: true, goog:chromeOptions: {debuggerAddress: localhost:53065}, goog:processID: 6776, networkConnectionEnabled: false, pageLoadStrategy: normal, platformName: windows, proxy: Proxy(), se:cdp: ws://localhost:53065/devtoo..., se:cdpVersion: 143.0.7499.110, setWindowRect: true, strictFileInteractability: false, timeouts: {implicit: 0, pageLoad: 300000, script: 30000}, unhandledPromptBehavior: dismiss and notify, webauthn:extension:credBlob: true, webauthn:extension:largeBlob: true, webauthn:extension:minPinLength: true, webauthn:extension:prf: true, webauthn:virtualAuthenticators: true}
Element: [[ChromeDriver: chrome on windows (877a81a4c4db9ad4c254ba7af0912232)] -> xpath: //input[@type='submit']]
Session ID: 877a81a4c4db9ad4c254ba7af0912232
	at java.base/jdk.internal.reflect.NativeConstructorAccessorImpl.newInstance0(Native Method)
	at java.base/jdk.internal.reflect.NativeConstructorAccessorImpl.newInstance(NativeConstructorAccessorImpl.java:77)
	at java.base/jdk.internal.reflect.DelegatingConstructorAccessorImpl.newInstance(DelegatingConstructorAccessorImpl.java:45)
	at java.base/java.lang.reflect.Constructor.newInstanceWithCaller(Constructor.java:499)
	at java.base/java.lang.reflect.Constructor.newInstance(Constructor.java:480)
	at org.openqa.selenium.remote.ErrorCodec.decode(ErrorCodec.java:167)
	at org.openqa.selenium.remote.codec.w3c.W3CHttpResponseCodec.decode(W3CHttpResponseCodec.java:138)
	at org.openqa.selenium.remote.codec.w3c.W3CHttpResponseCodec.decode(W3CHttpResponseCodec.java:50)
	at org.openqa.selenium.remote.HttpCommandExecutor.execute(HttpCommandExecutor.java:215)
	at org.openqa.selenium.remote.service.DriverCommandExecutor.invokeExecute(DriverCommandExecutor.java:216)
	at org.openqa.selenium.remote.service.DriverCommandExecutor.execute(DriverCommandExecutor.java:174)
	at org.openqa.selenium.remote.RemoteWebDriver.execute(RemoteWebDriver.java:557)
	at org.openqa.selenium.remote.RemoteWebElement.execute(RemoteWebElement.java:223)
	at org.openqa.selenium.remote.RemoteWebElement.click(RemoteWebElement.java:76)
	at org.web.practice.FileUploadDownloadTests.testNativeDialogUpload(FileUploadDownloadTests.java:141)
	at java.base/jdk.internal.reflect.NativeMethodAccessorImpl.invoke0(Native Method)
	at java.base/jdk.internal.reflect.NativeMethodAccessorImpl.invoke(NativeMethodAccessorImpl.java:77)
	at java.base/jdk.internal.reflect.DelegatingMethodAccessorImpl.invoke(DelegatingMethodAccessorImpl.java:43)
	at java.base/java.lang.reflect.Method.invoke(Method.java:568)
	at org.testng.internal.invokers.MethodInvocationHelper.invokeMethod(MethodInvocationHelper.java:141)
	at org.testng.internal.invokers.TestInvoker.invokeMethod(TestInvoker.java:687)
	at org.testng.internal.invokers.TestInvoker.invokeTestMethod(TestInvoker.java:230)
	at org.testng.internal.invokers.MethodRunner.runInSequence(MethodRunner.java:63)
	at org.testng.internal.invokers.TestInvoker$MethodInvocationAgent.invoke(TestInvoker.java:995)
	at org.testng.internal.invokers.TestInvoker.invokeTestMethods(TestInvoker.java:203)
	at org.testng.internal.invokers.TestMethodWorker.invokeTestMethods(TestMethodWorker.java:154)
	at org.testng.internal.invokers.TestMethodWorker.run(TestMethodWorker.java:134)
	at java.base/java.util.ArrayList.forEach(ArrayList.java:1511)
	at org.testng.TestRunner.privateRun(TestRunner.java:741)
	at org.testng.TestRunner.run(TestRunner.java:616)
	at org.testng.SuiteRunner.runTest(SuiteRunner.java:421)
	at org.testng.SuiteRunner$SuiteWorker.run(SuiteRunner.java:463)
	at org.testng.internal.thread.ThreadUtil.lambda$execute$0(ThreadUtil.java:64)
	at java.base/java.util.concurrent.FutureTask.run(FutureTask.java:264)
	at java.base/java.util.concurrent.ThreadPoolExecutor.runWorker(ThreadPoolExecutor.java:1136)
	at java.base/java.util.concurrent.ThreadPoolExecutor$Worker.run(ThreadPoolExecutor.java:635)
	at java.base/java.lang.Thread.run(Thread.java:842)
]]></failure>
  </testcase>
  <testcase name="testStandardFileUpload" classname="org.web.practice.FileUploadDownloadTests" time="0.52">
    <system-out><![CDATA[
test-text-upload

C:\Users\nfres\QA Workspace\MyMavenProject\src\test\resources\test-text-upload
]]></system-out>
  </testcase>
  <testcase name="testIdempotentPostScenario" classname="org.web.practice.ApiTestSuite" time="0.004">
    <system-out><![CDATA[
--- Test Case: Idempotent POST Scenario (Mock) ---
1. Sending initial POST request (Key: ec9cc741...)
----> Response 1: 201 Created.
2. Sending second POST request with the SAME Idempotency Key.
----> Response 2: 200 (Idempotent success confirmed).
Mock Idempotency test passed: Duplicate request handled correctly.
]]></system-out>
  </testcase>
  <testcase name="testNegativeResponse" classname="org.web.practice.ApiTestSuite" time="1.436">
    <system-out><![CDATA[
--- Test Case: Statement Retrieval (Negative) ---
Negative test passed: Received expected error message for invalid account.
]]></system-out>
  </testcase>
  <testcase name="testPositiveResponse" classname="org.web.practice.ApiTestSuite" time="0.793">
    <system-out><![CDATA[
--- Test Case: Statement Retrieval (Positive) ---
Status Code check passed: Received 200 OK.
JSON Schema validation successful: Response structure is correct.
]]></system-out>
  </testcase>
  <testcase name="testUserRegistration[{scenarioName=Standard User Registration, firstName=John, lastName=Doe, password=Password123!, address1=1234 Wall St., country=United States, state=NY, city=New York, zipcode=45456, mobileNumber=1234567890, role=USER}](1)" classname="org.web.practice.RegistrationTests" time="5.085">
    <system-out><![CDATA[Starting Test: Standard User Registration with Email: John0c793@test.com
[ASSERT-UI] Success message verified.
[UI-LOG] Registered user via UI
[DB-LOG] Seeded user: John0c793@test.com
[ASSERT-DB] Record verified in Database.
[ASSERT-UI] Success message verified.
[UI-LOG] Deleted user via UI
]]></system-out>
    <system-err><![CDATA[Dec 16, 2025 4:04:28 PM org.openqa.selenium.devtools.CdpVersionFinder findNearestMatch
WARNING: Unable to find an exact match for CDP version 143, returning the closest version; found: 142; Please update to a Selenium version that supports CDP version 143
]]></system-err>
  </testcase>
  <testcase name="testUserRegistration[{scenarioName=Admin Registration, firstName=Jane, lastName=Smith, password=AdminPass123!, address1=6789 Broadway Ln., country=India, state=Odisha, city=Khordha, zipcode=67676, mobileNumber=1098765432, role=ADMIN}](2)" classname="org.web.practice.RegistrationTests" time="6.115">
    <system-out><![CDATA[[DB-LOG] Rollback - Deleted user: John0c793@test.com
Starting Test: Admin Registration with Email: Janea8d98@test.com
[ASSERT-UI] Success message verified.
[UI-LOG] Registered user via UI
[DB-LOG] Seeded user: Janea8d98@test.com
[ASSERT-DB] Record verified in Database.
[ASSERT-UI] Success message verified.
[UI-LOG] Deleted user via UI
]]></system-out>
    <system-err><![CDATA[Dec 16, 2025 4:04:36 PM org.openqa.selenium.devtools.CdpVersionFinder findNearestMatch
WARNING: Unable to find an exact match for CDP version 143, returning the closest version; found: 142; Please update to a Selenium version that supports CDP version 143
]]></system-err>
  </testcase>
</testsuite>