<?xml version="1.0" encoding="UTF-8"?>
<testng-results ignored="5" total="6" passed="1" failed="0" skipped="0">
  <reporter-output>
  </reporter-output>
  <suite started-at="2025-12-16T15:13:22 EST" name="Default suite" finished-at="2025-12-16T15:13:29 EST" duration-ms="7768">
    <groups>
    </groups>
    <test started-at="2025-12-16T15:13:22 EST" name="Default test" finished-at="2025-12-16T15:13:29 EST" duration-ms="7768">
      <class name="org.web.practice.TrickyLocators">
        <test-method is-config="true" signature="setup()[pri:0, instance:org.web.practice.TrickyLocators@49438269]" started-at="2025-12-16T15:13:22 EST" name="setup" finished-at="2025-12-16T15:13:23 EST" duration-ms="1459" status="PASS">
          <reporter-output>
          </reporter-output>
        </test-method> <!-- setup -->
        <test-method signature="trickyLocatorL2()[pri:0, instance:org.web.practice.TrickyLocators@49438269]" started-at="2025-12-16T15:13:23 EST" name="trickyLocatorL2" finished-at="2025-12-16T15:13:29 EST" duration-ms="6257" status="PASS">
          <reporter-output>
          </reporter-output>
        </test-method> <!-- trickyLocatorL2 -->
        <test-method is-config="true" signature="tearDown()[pri:0, instance:org.web.practice.TrickyLocators@49438269]" started-at="2025-12-16T15:13:29 EST" name="tearDown" finished-at="2025-12-16T15:13:29 EST" duration-ms="0" status="PASS">
          <reporter-output>
          </reporter-output>
        </test-method> <!-- tearDown -->
      </class> <!-- org.web.practice.TrickyLocators -->
    </test> <!-- Default test -->
  </suite> <!-- Default suite -->
</testng-results>
