<?xml version="1.0" encoding="UTF-8"?>
<!-- Generated by org.testng.reporters.JUnitReportReporter -->
<testsuite hostname="FreshLaptop" failures="0" tests="3" name="org.web.practice.ApiTestSuite" time="2.620" errors="0" timestamp="2025-12-16T14:20:27 EST" skipped="0">
  <testcase classname="org.web.practice.ApiTestSuite" name="testIdempotentPostScenario" time="0.002"/>
  <testcase classname="org.web.practice.ApiTestSuite" name="testNegativeResponse" time="1.657"/>
  <testcase classname="org.web.practice.ApiTestSuite" name="testPositiveResponse" time="0.961"/>
</testsuite> <!-- org.web.practice.ApiTestSuite -->
