<?xml version="1.0" encoding="UTF-8"?>
<!-- Generated by org.testng.reporters.JUnitReportReporter -->
<testsuite hostname="FreshLaptop" failures="0" tests="3" name="org.web.practice.FileUploadDownloadTests" time="9.283" errors="0" timestamp="2025-12-16T14:20:27 EST" skipped="0">
  <testcase classname="org.web.practice.FileUploadDownloadTests" name="testStandardFileUpload" time="0.628"/>
  <testcase classname="org.web.practice.FileUploadDownloadTests" name="testFileDownloadVerification" time="2.570"/>
  <testcase classname="org.web.practice.FileUploadDownloadTests" name="testNativeDialogUpload" time="6.085"/>
</testsuite> <!-- org.web.practice.FileUploadDownloadTests -->
