<?xml version="1.0" encoding="UTF-8"?>
<!-- Generated by org.testng.reporters.JUnitReportReporter -->
<testsuite hostname="FreshLaptop" failures="0" tests="2" name="org.web.practice.RegistrationTests" time="16.272" errors="0" timestamp="2025-12-16T14:20:27 EST" skipped="0">
  <testcase classname="org.web.practice.RegistrationTests" name="testUserRegistration" time="7.835"/>
  <testcase classname="org.web.practice.RegistrationTests" name="testUserRegistration" time="8.437"/>
</testsuite> <!-- org.web.practice.RegistrationTests -->
