<?xml version="1.0" encoding="UTF-8"?>
<!-- Generated by org.testng.reporters.JUnitReportReporter -->
<testsuite hostname="FreshLaptop" failures="0" tests="2" name="org.web.practice.RegistrationTests" time="15.369" errors="0" timestamp="2025-12-16T16:04:43 EST" skipped="0">
  <testcase classname="org.web.practice.RegistrationTests" name="testUserRegistration" time="8.208"/>
  <testcase classname="org.web.practice.RegistrationTests" name="testUserRegistration" time="7.161"/>
</testsuite> <!-- org.web.practice.RegistrationTests -->
