<?xml version="1.0" encoding="UTF-8"?>
<!-- Generated by org.testng.reporters.JUnitReportReporter -->
<testsuite hostname="FreshLaptop" failures="0" tests="6" name="org.web.practice.TrickyLocators" time="26.773" errors="0" timestamp="2025-12-16T16:04:43 EST" skipped="0">
  <testcase classname="org.web.practice.TrickyLocators" name="trickyLocatorL3" time="3.497"/>
  <testcase classname="org.web.practice.TrickyLocators" name="trickLocatorL5" time="3.577"/>
  <testcase classname="org.web.practice.TrickyLocators" name="trickyLocatorsL1" time="3.646"/>
  <testcase classname="org.web.practice.TrickyLocators" name="trickyLocatorL6" time="3.408"/>
  <testcase classname="org.web.practice.TrickyLocators" name="trickyLocatorL4" time="4.042"/>
  <testcase classname="org.web.practice.TrickyLocators" name="trickyLocatorL2" time="8.603"/>
</testsuite> <!-- org.web.practice.TrickyLocators -->
