<?xml version="1.0" encoding="UTF-8"?>
<!-- Generated by org.testng.reporters.JUnitXMLReporter -->
<testsuite ignored="0" hostname="FreshLaptop" failures="1" tests="1" name="CrossBrowserExecution_Firefox" time="13.713" errors="0" timestamp="2025-12-16T14:19:33 EST">
  <testcase classname="org.web.practice.SmokeVisualTest" name="smokeTestFlow" time="1.594">
    <failure type="java.lang.AssertionError" message="Page element header check failed after login. expected [Accounts Overview] but found [Financial Overview]">
      <![CDATA[java.lang.AssertionError: Page element header check failed after login. expected [Accounts Overview] but found [Financial Overview]
at org.web.practice.SmokeVisualTest.smokeTestFlow(SmokeVisualTest.java:90)
at java.base/java.util.ArrayList.forEach(ArrayList.java:1511)
at java.base/java.util.concurrent.FutureTask.run(FutureTask.java:264)
at java.base/java.util.concurrent.ThreadPoolExecutor.runWorker(ThreadPoolExecutor.java:1136)
at java.base/java.util.concurrent.ThreadPoolExecutor$Worker.run(ThreadPoolExecutor.java:635)
at java.base/java.lang.Thread.run(Thread.java:842)
... Removed 22 stack frames]]>
    </failure>
  </testcase> <!-- smokeTestFlow -->
</testsuite> <!-- CrossBrowserExecution_Firefox -->
