<?xml version="1.0" encoding="UTF-8"?>
<!-- Generated by org.testng.reporters.JUnitXMLReporter -->
<testsuite ignored="0" hostname="FreshLaptop" failures="0" tests="15" name="SingleBrowserExecutionTests" time="66.984" errors="0" timestamp="2025-12-16T14:20:27 EST">
  <testcase classname="org.web.practice.LoadingSpinnerDynamicWait" name="loadingSpinner" time="6.744"/>
  <testcase classname="org.web.practice.TrickyLocators" name="trickLocatorL5" time="4.56"/>
  <testcase classname="org.web.practice.TrickyLocators" name="trickyLocatorL2" time="6.123"/>
  <testcase classname="org.web.practice.TrickyLocators" name="trickyLocatorL3" time="3.322"/>
  <testcase classname="org.web.practice.TrickyLocators" name="trickyLocatorL4" time="2.929"/>
  <testcase classname="org.web.practice.TrickyLocators" name="trickyLocatorL6" time="2.832"/>
  <testcase classname="org.web.practice.TrickyLocators" name="trickyLocatorsL1" time="3.721"/>
  <testcase classname="org.web.practice.FileUploadDownloadTests" name="testFileDownloadVerification" time="2.57"/>
  <testcase classname="org.web.practice.FileUploadDownloadTests" name="testNativeDialogUpload" time="6.085"/>
  <testcase classname="org.web.practice.FileUploadDownloadTests" name="testStandardFileUpload" time="0.628"/>
  <testcase classname="org.web.practice.ApiTestSuite" name="testIdempotentPostScenario" time="0.002"/>
  <testcase classname="org.web.practice.ApiTestSuite" name="testNegativeResponse" time="1.657"/>
  <testcase classname="org.web.practice.ApiTestSuite" name="testPositiveResponse" time="0.961"/>
  <testcase classname="org.web.practice.RegistrationTests" name="testUserRegistration" time="6.379"/>
  <testcase classname="org.web.practice.RegistrationTests" name="testUserRegistration" time="5.738"/>
</testsuite> <!-- SingleBrowserExecutionTests -->
